<?xml version="1.0" encoding="UTF-8"?>
<testng-results ignored="0" total="1" passed="1" failed="0" skipped="0">
  <reporter-output>
  </reporter-output>
  <suite started-at="2022-01-07T21:40:54Z" name="nopCommerce" finished-at="2022-01-07T21:41:06Z" duration-ms="12337">
    <groups>
    </groups>
    <test started-at="2022-01-07T21:40:54Z" name="Test1" finished-at="2022-01-07T21:41:06Z" duration-ms="12337">
      <class name="com.nopcommerce.testCases.TC_LoginTest_001">
        <test-method is-config="true" signature="setup(java.lang.String)[pri:0, instance:com.nopcommerce.testCases.TC_LoginTest_001@4a94ee4]" started-at="2022-01-07T21:40:54Z" name="setup" finished-at="2022-01-07T21:40:57Z" duration-ms="2726" status="PASS">
          <params>
            <param index="0">
              <value>
                <![CDATA[chrome]]>
              </value>
            </param>
          </params>
          <reporter-output>
          </reporter-output>
        </test-method> <!-- setup -->
        <test-method signature="loginTest()[pri:0, instance:com.nopcommerce.testCases.TC_LoginTest_001@4a94ee4]" started-at="2022-01-07T21:40:57Z" name="loginTest" finished-at="2022-01-07T21:41:06Z" duration-ms="8992" status="PASS">
          <reporter-output>
          </reporter-output>
        </test-method> <!-- loginTest -->
        <test-method is-config="true" signature="tearDown()[pri:0, instance:com.nopcommerce.testCases.TC_LoginTest_001@4a94ee4]" started-at="2022-01-07T21:41:06Z" name="tearDown" finished-at="2022-01-07T21:41:06Z" duration-ms="155" status="PASS">
          <reporter-output>
          </reporter-output>
        </test-method> <!-- tearDown -->
      </class> <!-- com.nopcommerce.testCases.TC_LoginTest_001 -->
    </test> <!-- Test1 -->
  </suite> <!-- nopCommerce -->
</testng-results>
